22-03-30 19:17:21.837 : Params number: 389547
22-03-30 19:17:21.838 : /home/lss/workspace/IMDN/data/DIV2K_test_LR
22-03-30 19:17:21.838 : /home/lss/workspace/IMDN/data/DIV2K_test_LR_results
22-03-30 19:17:21.838 : ---1-->   0901.png
22-03-30 19:17:22.966 : ---2-->   0902.png
22-03-30 19:17:23.193 : ---3-->   0903.png
22-03-30 19:17:23.543 : ---4-->   0904.png
22-03-30 19:17:23.812 : ---5-->   0905.png
22-03-30 19:17:24.068 : ---6-->   0906.png
22-03-30 19:17:24.316 : ---7-->   0907.png
22-03-30 19:17:24.664 : ---8-->   0908.png
22-03-30 19:17:24.910 : ---9-->   0909.png
22-03-30 19:17:25.232 : --10-->   0910.png
22-03-30 19:17:25.541 : --11-->   0911.png
22-03-30 19:17:25.850 : --12-->   0912.png
22-03-30 19:17:26.089 : --13-->   0913.png
22-03-30 19:17:26.342 : --14-->   0914.png
22-03-30 19:17:26.595 : --15-->   0915.png
22-03-30 19:17:26.841 : --16-->   0916.png
22-03-30 19:17:27.069 : --17-->   0917.png
22-03-30 19:17:27.310 : --18-->   0918.png
22-03-30 19:17:27.530 : --19-->   0919.png
22-03-30 19:17:27.763 : --20-->   0920.png
22-03-30 19:17:28.004 : --21-->   0921.png
22-03-30 19:17:28.245 : --22-->   0922.png
22-03-30 19:17:28.486 : --23-->   0923.png
22-03-30 19:17:28.881 : --24-->   0924.png
22-03-30 19:17:29.187 : --25-->   0925.png
22-03-30 19:17:29.512 : --26-->   0926.png
22-03-30 19:17:29.705 : --27-->   0927.png
22-03-30 19:17:29.927 : --28-->   0928.png
22-03-30 19:17:30.164 : --29-->   0929.png
22-03-30 19:17:30.391 : --30-->   0930.png
22-03-30 19:17:30.612 : --31-->   0931.png
22-03-30 19:17:30.842 : --32-->   0932.png
22-03-30 19:17:31.079 : --33-->   0933.png
22-03-30 19:17:31.284 : --34-->   0934.png
22-03-30 19:17:31.516 : --35-->   0935.png
22-03-30 19:17:31.751 : --36-->   0936.png
22-03-30 19:17:32.063 : --37-->   0937.png
22-03-30 19:17:32.276 : --38-->   0938.png
22-03-30 19:17:32.514 : --39-->   0939.png
22-03-30 19:17:32.746 : --40-->   0940.png
22-03-30 19:17:32.964 : --41-->   0941.png
22-03-30 19:17:33.215 : --42-->   0942.png
22-03-30 19:17:33.444 : --43-->   0943.png
22-03-30 19:17:33.686 : --44-->   0944.png
22-03-30 19:17:33.978 : --45-->   0945.png
22-03-30 19:17:34.249 : --46-->   0946.png
22-03-30 19:17:34.486 : --47-->   0947.png
22-03-30 19:17:34.728 : --48-->   0948.png
22-03-30 19:17:35.062 : --49-->   0949.png
22-03-30 19:17:35.286 : --50-->   0950.png
22-03-30 19:17:35.523 : --51-->   0951.png
22-03-30 19:17:35.759 : --52-->   0952.png
22-03-30 19:17:35.992 : --53-->   0953.png
22-03-30 19:17:36.216 : --54-->   0954.png
22-03-30 19:17:36.454 : --55-->   0955.png
22-03-30 19:17:36.688 : --56-->   0956.png
22-03-30 19:17:36.932 : --57-->   0957.png
22-03-30 19:17:37.248 : --58-->   0958.png
22-03-30 19:17:37.491 : --59-->   0959.png
22-03-30 19:17:37.783 : --60-->   0960.png
22-03-30 19:17:38.055 : --61-->   0961.png
22-03-30 19:17:38.286 : --62-->   0962.png
22-03-30 19:17:38.500 : --63-->   0963.png
22-03-30 19:17:38.736 : --64-->   0964.png
22-03-30 19:17:38.933 : --65-->   0965.png
22-03-30 19:17:39.226 : --66-->   0966.png
22-03-30 19:17:39.461 : --67-->   0967.png
22-03-30 19:17:39.679 : --68-->   0968.png
22-03-30 19:17:39.963 : --69-->   0969.png
22-03-30 19:17:40.190 : --70-->   0970.png
22-03-30 19:17:40.501 : --71-->   0971.png
22-03-30 19:17:40.734 : --72-->   0972.png
22-03-30 19:17:40.975 : --73-->   0973.png
22-03-30 19:17:41.214 : --74-->   0974.png
22-03-30 19:17:41.418 : --75-->   0975.png
22-03-30 19:17:41.660 : --76-->   0976.png
22-03-30 19:17:41.897 : --77-->   0977.png
22-03-30 19:17:42.140 : --78-->   0978.png
22-03-30 19:17:42.359 : --79-->   0979.png
22-03-30 19:17:42.592 : --80-->   0980.png
22-03-30 19:17:42.832 : --81-->   0981.png
22-03-30 19:17:43.363 : --82-->   0982.png
22-03-30 19:17:43.588 : --83-->   0983.png
22-03-30 19:17:43.831 : --84-->   0984.png
22-03-30 19:17:44.031 : --85-->   0985.png
22-03-30 19:17:44.269 : --86-->   0986.png
22-03-30 19:17:44.536 : --87-->   0987.png
22-03-30 19:17:44.771 : --88-->   0988.png
22-03-30 19:17:45.009 : --89-->   0989.png
22-03-30 19:17:45.246 : --90-->   0990.png
22-03-30 19:17:45.483 : --91-->   0991.png
22-03-30 19:17:45.850 : --92-->   0992.png
22-03-30 19:17:46.086 : --93-->   0993.png
22-03-30 19:17:46.316 : --94-->   0994.png
22-03-30 19:17:46.562 : --95-->   0995.png
22-03-30 19:17:46.806 : --96-->   0996.png
22-03-30 19:17:47.116 : --97-->   0997.png
22-03-30 19:17:47.321 : --98-->   0998.png
22-03-30 19:17:47.560 : --99-->   0999.png
22-03-30 19:17:47.804 : -100-->   1000.png
22-03-30 19:17:48.048 : ------> Average runtime of (/home/lss/workspace/IMDN/data/DIV2K_test_LR) is : 0.148071 seconds
22-03-30 19:18:09.731 : Params number: 389547
22-03-30 19:18:09.731 : /home/lss/workspace/IMDN/data/DIV2K_test_LR
22-03-30 19:18:09.731 : /home/lss/workspace/IMDN/data/DIV2K_test_LR_results
22-03-30 19:18:09.731 : ---1-->   0901.png
22-03-30 19:18:10.419 : ---2-->   0902.png
22-03-30 19:18:10.652 : ---3-->   0903.png
22-03-30 19:18:11.001 : ---4-->   0904.png
22-03-30 19:18:11.273 : ---5-->   0905.png
22-03-30 19:18:11.523 : ---6-->   0906.png
22-03-30 19:18:11.770 : ---7-->   0907.png
22-03-30 19:18:12.129 : ---8-->   0908.png
22-03-30 19:18:12.378 : ---9-->   0909.png
22-03-30 19:18:12.686 : --10-->   0910.png
22-03-30 19:18:12.924 : --11-->   0911.png
22-03-30 19:18:13.224 : --12-->   0912.png
22-03-30 19:18:13.461 : --13-->   0913.png
22-03-30 19:18:13.718 : --14-->   0914.png
22-03-30 19:18:13.975 : --15-->   0915.png
22-03-30 19:18:14.232 : --16-->   0916.png
22-03-30 19:18:14.470 : --17-->   0917.png
22-03-30 19:18:14.717 : --18-->   0918.png
22-03-30 19:18:14.946 : --19-->   0919.png
22-03-30 19:18:15.184 : --20-->   0920.png
22-03-30 19:18:15.435 : --21-->   0921.png
22-03-30 19:18:15.682 : --22-->   0922.png
22-03-30 19:18:15.934 : --23-->   0923.png
22-03-30 19:18:16.303 : --24-->   0924.png
22-03-30 19:18:16.618 : --25-->   0925.png
22-03-30 19:18:16.948 : --26-->   0926.png
22-03-30 19:18:17.146 : --27-->   0927.png
22-03-30 19:18:17.378 : --28-->   0928.png
22-03-30 19:18:17.630 : --29-->   0929.png
22-03-30 19:18:17.864 : --30-->   0930.png
22-03-30 19:18:18.094 : --31-->   0931.png
22-03-30 19:18:18.335 : --32-->   0932.png
22-03-30 19:18:18.581 : --33-->   0933.png
22-03-30 19:18:18.794 : --34-->   0934.png
22-03-30 19:18:19.037 : --35-->   0935.png
22-03-30 19:18:19.280 : --36-->   0936.png
22-03-30 19:18:19.606 : --37-->   0937.png
22-03-30 19:18:19.827 : --38-->   0938.png
22-03-30 19:18:20.073 : --39-->   0939.png
22-03-30 19:18:20.313 : --40-->   0940.png
22-03-30 19:18:20.538 : --41-->   0941.png
22-03-30 19:18:20.804 : --42-->   0942.png
22-03-30 19:18:21.043 : --43-->   0943.png
22-03-30 19:18:21.292 : --44-->   0944.png
22-03-30 19:18:21.594 : --45-->   0945.png
22-03-30 19:18:21.877 : --46-->   0946.png
22-03-30 19:18:22.122 : --47-->   0947.png
22-03-30 19:18:22.367 : --48-->   0948.png
22-03-30 19:18:22.710 : --49-->   0949.png
22-03-30 19:18:22.949 : --50-->   0950.png
22-03-30 19:18:23.195 : --51-->   0951.png
22-03-30 19:18:23.442 : --52-->   0952.png
22-03-30 19:18:23.684 : --53-->   0953.png
22-03-30 19:18:23.916 : --54-->   0954.png
22-03-30 19:18:24.161 : --55-->   0955.png
22-03-30 19:18:24.405 : --56-->   0956.png
22-03-30 19:18:24.657 : --57-->   0957.png
22-03-30 19:18:24.986 : --58-->   0958.png
22-03-30 19:18:25.246 : --59-->   0959.png
22-03-30 19:18:25.546 : --60-->   0960.png
22-03-30 19:18:25.835 : --61-->   0961.png
22-03-30 19:18:26.074 : --62-->   0962.png
22-03-30 19:18:26.296 : --63-->   0963.png
22-03-30 19:18:26.539 : --64-->   0964.png
22-03-30 19:18:26.743 : --65-->   0965.png
22-03-30 19:18:27.051 : --66-->   0966.png
22-03-30 19:18:27.306 : --67-->   0967.png
22-03-30 19:18:27.532 : --68-->   0968.png
22-03-30 19:18:27.828 : --69-->   0969.png
22-03-30 19:18:28.059 : --70-->   0970.png
22-03-30 19:18:28.389 : --71-->   0971.png
22-03-30 19:18:28.637 : --72-->   0972.png
22-03-30 19:18:28.887 : --73-->   0973.png
22-03-30 19:18:29.135 : --74-->   0974.png
22-03-30 19:18:29.344 : --75-->   0975.png
22-03-30 19:18:29.603 : --76-->   0976.png
22-03-30 19:18:29.848 : --77-->   0977.png
22-03-30 19:18:30.100 : --78-->   0978.png
22-03-30 19:18:30.327 : --79-->   0979.png
22-03-30 19:18:30.566 : --80-->   0980.png
22-03-30 19:18:30.811 : --81-->   0981.png
22-03-30 19:18:31.347 : --82-->   0982.png
22-03-30 19:18:31.584 : --83-->   0983.png
22-03-30 19:18:31.833 : --84-->   0984.png
22-03-30 19:18:32.036 : --85-->   0985.png
22-03-30 19:18:32.289 : --86-->   0986.png
22-03-30 19:18:32.568 : --87-->   0987.png
22-03-30 19:18:32.810 : --88-->   0988.png
22-03-30 19:18:33.057 : --89-->   0989.png
22-03-30 19:18:33.301 : --90-->   0990.png
22-03-30 19:18:33.546 : --91-->   0991.png
22-03-30 19:18:33.928 : --92-->   0992.png
22-03-30 19:18:34.173 : --93-->   0993.png
22-03-30 19:18:34.407 : --94-->   0994.png
22-03-30 19:18:34.664 : --95-->   0995.png
22-03-30 19:18:34.916 : --96-->   0996.png
22-03-30 19:18:35.237 : --97-->   0997.png
22-03-30 19:18:35.447 : --98-->   0998.png
22-03-30 19:18:35.699 : --99-->   0999.png
22-03-30 19:18:35.952 : -100-->   1000.png
22-03-30 19:18:36.205 : ------> Average runtime of (/home/lss/workspace/IMDN/data/DIV2K_test_LR) is : 0.143792 seconds
22-03-30 19:18:45.446 : Params number: 389547
22-03-30 19:18:45.447 : /home/lss/workspace/IMDN/data/DIV2K_test_LR
22-03-30 19:18:45.447 : /home/lss/workspace/IMDN/data/DIV2K_test_LR_results
22-03-30 19:18:45.447 : ---1-->   0901.png
22-03-30 19:18:46.135 : ---2-->   0902.png
22-03-30 19:18:46.361 : ---3-->   0903.png
22-03-30 19:18:46.710 : ---4-->   0904.png
22-03-30 19:18:46.978 : ---5-->   0905.png
22-03-30 19:18:47.229 : ---6-->   0906.png
22-03-30 19:18:47.470 : ---7-->   0907.png
22-03-30 19:18:47.826 : ---8-->   0908.png
22-03-30 19:18:48.087 : ---9-->   0909.png
22-03-30 19:18:48.400 : --10-->   0910.png
22-03-30 19:18:48.632 : --11-->   0911.png
22-03-30 19:18:48.926 : --12-->   0912.png
22-03-30 19:18:49.158 : --13-->   0913.png
22-03-30 19:18:49.401 : --14-->   0914.png
22-03-30 19:18:49.657 : --15-->   0915.png
22-03-30 19:18:49.900 : --16-->   0916.png
22-03-30 19:18:50.135 : --17-->   0917.png
22-03-30 19:18:50.371 : --18-->   0918.png
22-03-30 19:18:50.593 : --19-->   0919.png
22-03-30 19:18:50.825 : --20-->   0920.png
22-03-30 19:18:51.073 : --21-->   0921.png
22-03-30 19:18:51.312 : --22-->   0922.png
22-03-30 19:18:51.554 : --23-->   0923.png
22-03-30 19:18:51.925 : --24-->   0924.png
22-03-30 19:18:52.236 : --25-->   0925.png
22-03-30 19:18:52.575 : --26-->   0926.png
22-03-30 19:18:52.769 : --27-->   0927.png
22-03-30 19:18:52.998 : --28-->   0928.png
22-03-30 19:18:53.239 : --29-->   0929.png
22-03-30 19:18:53.471 : --30-->   0930.png
22-03-30 19:18:53.694 : --31-->   0931.png
22-03-30 19:18:53.927 : --32-->   0932.png
22-03-30 19:18:54.165 : --33-->   0933.png
22-03-30 19:18:54.372 : --34-->   0934.png
22-03-30 19:18:54.606 : --35-->   0935.png
22-03-30 19:18:54.841 : --36-->   0936.png
22-03-30 19:18:55.170 : --37-->   0937.png
22-03-30 19:18:55.384 : --38-->   0938.png
22-03-30 19:18:55.625 : --39-->   0939.png
22-03-30 19:18:55.858 : --40-->   0940.png
22-03-30 19:18:56.078 : --41-->   0941.png
22-03-30 19:18:56.343 : --42-->   0942.png
22-03-30 19:18:56.575 : --43-->   0943.png
22-03-30 19:18:56.818 : --44-->   0944.png
22-03-30 19:18:57.125 : --45-->   0945.png
22-03-30 19:18:57.411 : --46-->   0946.png
22-03-30 19:18:57.650 : --47-->   0947.png
22-03-30 19:18:57.891 : --48-->   0948.png
22-03-30 19:18:58.232 : --49-->   0949.png
22-03-30 19:18:58.457 : --50-->   0950.png
22-03-30 19:18:58.696 : --51-->   0951.png
22-03-30 19:18:58.934 : --52-->   0952.png
22-03-30 19:18:59.168 : --53-->   0953.png
22-03-30 19:18:59.399 : --54-->   0954.png
22-03-30 19:18:59.638 : --55-->   0955.png
22-03-30 19:18:59.873 : --56-->   0956.png
22-03-30 19:19:00.117 : --57-->   0957.png
22-03-30 19:19:00.448 : --58-->   0958.png
22-03-30 19:19:00.697 : --59-->   0959.png
22-03-30 19:19:01.000 : --60-->   0960.png
22-03-30 19:19:01.290 : --61-->   0961.png
22-03-30 19:19:01.528 : --62-->   0962.png
22-03-30 19:19:01.749 : --63-->   0963.png
22-03-30 19:19:02.001 : --64-->   0964.png
22-03-30 19:19:02.219 : --65-->   0965.png
22-03-30 19:19:02.527 : --66-->   0966.png
22-03-30 19:19:02.774 : --67-->   0967.png
22-03-30 19:19:03.002 : --68-->   0968.png
22-03-30 19:19:03.294 : --69-->   0969.png
22-03-30 19:19:03.525 : --70-->   0970.png
22-03-30 19:19:03.868 : --71-->   0971.png
22-03-30 19:19:04.127 : --72-->   0972.png
22-03-30 19:19:04.377 : --73-->   0973.png
22-03-30 19:19:04.631 : --74-->   0974.png
22-03-30 19:19:04.848 : --75-->   0975.png
22-03-30 19:19:05.102 : --76-->   0976.png
22-03-30 19:19:05.389 : --77-->   0977.png
22-03-30 19:19:05.643 : --78-->   0978.png
22-03-30 19:19:05.865 : --79-->   0979.png
22-03-30 19:19:06.105 : --80-->   0980.png
22-03-30 19:19:06.349 : --81-->   0981.png
22-03-30 19:19:06.873 : --82-->   0982.png
22-03-30 19:19:07.106 : --83-->   0983.png
22-03-30 19:19:07.349 : --84-->   0984.png
22-03-30 19:19:07.551 : --85-->   0985.png
22-03-30 19:19:07.792 : --86-->   0986.png
22-03-30 19:19:08.065 : --87-->   0987.png
22-03-30 19:19:08.301 : --88-->   0988.png
22-03-30 19:19:08.544 : --89-->   0989.png
22-03-30 19:19:08.783 : --90-->   0990.png
22-03-30 19:19:09.024 : --91-->   0991.png
22-03-30 19:19:09.399 : --92-->   0992.png
22-03-30 19:19:09.641 : --93-->   0993.png
22-03-30 19:19:09.874 : --94-->   0994.png
22-03-30 19:19:10.120 : --95-->   0995.png
22-03-30 19:19:10.370 : --96-->   0996.png
22-03-30 19:19:10.699 : --97-->   0997.png
22-03-30 19:19:10.911 : --98-->   0998.png
22-03-30 19:19:11.156 : --99-->   0999.png
22-03-30 19:19:11.408 : -100-->   1000.png
22-03-30 19:19:11.682 : ------> Average runtime of (/home/lss/workspace/IMDN/data/DIV2K_test_LR) is : 0.145926 seconds
22-03-30 19:25:23.985 : Params number: 389547
22-03-30 19:25:23.986 : /home/lss/workspace/DIV2K/DIV2K_valid_LR_bicubic
22-03-30 19:25:23.986 : /home/lss/workspace/DIV2K/DIV2K_valid_LR_bicubic_results
22-03-30 19:25:23.986 : ---1--> 0801x4.png
22-03-30 19:25:24.678 : ---2--> 0802x4.png
22-03-30 19:25:24.926 : ---3--> 0803x4.png
22-03-30 19:25:25.287 : ---4--> 0804x4.png
22-03-30 19:25:25.563 : ---5--> 0805x4.png
22-03-30 19:25:25.835 : ---6--> 0806x4.png
22-03-30 19:25:26.070 : ---7--> 0807x4.png
22-03-30 19:25:26.329 : ---8--> 0808x4.png
22-03-30 19:25:26.554 : ---9--> 0809x4.png
22-03-30 19:25:26.798 : --10--> 0810x4.png
22-03-30 19:25:27.078 : --11--> 0811x4.png
22-03-30 19:25:27.328 : --12--> 0812x4.png
22-03-30 19:25:27.608 : --13--> 0813x4.png
22-03-30 19:25:27.938 : --14--> 0814x4.png
22-03-30 19:25:28.156 : --15--> 0815x4.png
22-03-30 19:25:28.406 : --16--> 0816x4.png
22-03-30 19:25:28.654 : --17--> 0817x4.png
22-03-30 19:25:28.924 : --18--> 0818x4.png
22-03-30 19:25:29.224 : --19--> 0819x4.png
22-03-30 19:25:29.471 : --20--> 0820x4.png
22-03-30 19:25:29.726 : --21--> 0821x4.png
22-03-30 19:25:29.988 : --22--> 0822x4.png
22-03-30 19:25:30.374 : --23--> 0823x4.png
22-03-30 19:25:30.663 : --24--> 0824x4.png
22-03-30 19:25:30.903 : --25--> 0825x4.png
22-03-30 19:25:31.155 : --26--> 0826x4.png
22-03-30 19:25:31.446 : --27--> 0827x4.png
22-03-30 19:25:31.754 : --28--> 0828x4.png
22-03-30 19:25:31.990 : --29--> 0829x4.png
22-03-30 19:25:32.235 : --30--> 0830x4.png
22-03-30 19:25:32.423 : --31--> 0831x4.png
22-03-30 19:25:32.672 : --32--> 0832x4.png
22-03-30 19:25:32.919 : --33--> 0833x4.png
22-03-30 19:25:33.250 : --34--> 0834x4.png
22-03-30 19:25:33.486 : --35--> 0835x4.png
22-03-30 19:25:33.860 : --36--> 0836x4.png
22-03-30 19:25:34.133 : --37--> 0837x4.png
22-03-30 19:25:34.382 : --38--> 0838x4.png
22-03-30 19:25:34.625 : --39--> 0839x4.png
22-03-30 19:25:34.845 : --40--> 0840x4.png
22-03-30 19:25:35.095 : --41--> 0841x4.png
22-03-30 19:25:35.339 : --42--> 0842x4.png
22-03-30 19:25:35.580 : --43--> 0843x4.png
22-03-30 19:25:35.768 : --44--> 0844x4.png
22-03-30 19:25:36.059 : --45--> 0845x4.png
22-03-30 19:25:36.299 : --46--> 0846x4.png
22-03-30 19:25:36.607 : --47--> 0847x4.png
22-03-30 19:25:36.856 : --48--> 0848x4.png
22-03-30 19:25:37.142 : --49--> 0849x4.png
22-03-30 19:25:37.397 : --50--> 0850x4.png
22-03-30 19:25:37.641 : --51--> 0851x4.png
22-03-30 19:25:37.931 : --52--> 0852x4.png
22-03-30 19:25:38.182 : --53--> 0853x4.png
22-03-30 19:25:38.429 : --54--> 0854x4.png
22-03-30 19:25:38.672 : --55--> 0855x4.png
22-03-30 19:25:39.158 : --56--> 0856x4.png
22-03-30 19:25:39.401 : --57--> 0857x4.png
22-03-30 19:25:39.739 : --58--> 0858x4.png
22-03-30 19:25:39.988 : --59--> 0859x4.png
22-03-30 19:25:40.242 : --60--> 0860x4.png
22-03-30 19:25:40.527 : --61--> 0861x4.png
22-03-30 19:25:40.778 : --62--> 0862x4.png
22-03-30 19:25:41.016 : --63--> 0863x4.png
22-03-30 19:25:41.378 : --64--> 0864x4.png
22-03-30 19:25:41.634 : --65--> 0865x4.png
22-03-30 19:25:41.915 : --66--> 0866x4.png
22-03-30 19:25:42.169 : --67--> 0867x4.png
22-03-30 19:25:42.425 : --68--> 0868x4.png
22-03-30 19:25:42.623 : --69--> 0869x4.png
22-03-30 19:25:42.873 : --70--> 0870x4.png
22-03-30 19:25:43.317 : --71--> 0871x4.png
22-03-30 19:25:43.569 : --72--> 0872x4.png
22-03-30 19:25:43.826 : --73--> 0873x4.png
22-03-30 19:25:44.074 : --74--> 0874x4.png
22-03-30 19:25:44.329 : --75--> 0875x4.png
22-03-30 19:25:44.620 : --76--> 0876x4.png
22-03-30 19:25:44.875 : --77--> 0877x4.png
22-03-30 19:25:45.062 : --78--> 0878x4.png
22-03-30 19:25:45.485 : --79--> 0879x4.png
22-03-30 19:25:45.899 : --80--> 0880x4.png
22-03-30 19:25:46.133 : --81--> 0881x4.png
22-03-30 19:25:46.423 : --82--> 0882x4.png
22-03-30 19:25:46.674 : --83--> 0883x4.png
22-03-30 19:25:46.999 : --84--> 0884x4.png
22-03-30 19:25:47.255 : --85--> 0885x4.png
22-03-30 19:25:47.508 : --86--> 0886x4.png
22-03-30 19:25:47.753 : --87--> 0887x4.png
22-03-30 19:25:47.995 : --88--> 0888x4.png
22-03-30 19:25:48.252 : --89--> 0889x4.png
22-03-30 19:25:48.505 : --90--> 0890x4.png
22-03-30 19:25:48.738 : --91--> 0891x4.png
22-03-30 19:25:49.135 : --92--> 0892x4.png
22-03-30 19:25:49.364 : --93--> 0893x4.png
22-03-30 19:25:49.616 : --94--> 0894x4.png
22-03-30 19:25:49.866 : --95--> 0895x4.png
22-03-30 19:25:50.105 : --96--> 0896x4.png
22-03-30 19:25:50.339 : --97--> 0897x4.png
22-03-30 19:25:50.593 : --98--> 0898x4.png
22-03-30 19:25:50.828 : --99--> 0899x4.png
22-03-30 19:25:51.085 : -100--> 0900x4.png
22-03-30 19:25:51.299 : ------> Average runtime of (/home/lss/workspace/DIV2K/DIV2K_valid_LR_bicubic) is : 0.146034 seconds
